::1 - - [13/Nov/2019:22:46:53 +0000] "GET /api/users HTTP/1.1" 200 500 "-" "Mozilla/5.0 (Windows NT 10.0; Win64; x64) AppleWebKit/537.36 (KHTML, like Gecko) Chrome/78.0.3904.97 Safari/537.36"
::1 - - [13/Nov/2019:22:46:57 +0000] "GET /swagger HTTP/1.1" 301 181 "-" "Mozilla/5.0 (Windows NT 10.0; Win64; x64) AppleWebKit/537.36 (KHTML, like Gecko) Chrome/78.0.3904.97 Safari/537.36"
::1 - - [13/Nov/2019:22:46:57 +0000] "GET /swagger/ HTTP/1.1" 200 3104 "-" "Mozilla/5.0 (Windows NT 10.0; Win64; x64) AppleWebKit/537.36 (KHTML, like Gecko) Chrome/78.0.3904.97 Safari/537.36"
::1 - - [13/Nov/2019:22:46:57 +0000] "GET /swagger/swagger-ui-init.js HTTP/1.1" 200 6633 "http://localhost:3001/swagger/" "Mozilla/5.0 (Windows NT 10.0; Win64; x64) AppleWebKit/537.36 (KHTML, like Gecko) Chrome/78.0.3904.97 Safari/537.36"
::1 - - [13/Nov/2019:22:46:57 +0000] "GET /swagger/swagger-ui.css HTTP/1.1" 200 141841 "http://localhost:3001/swagger/" "Mozilla/5.0 (Windows NT 10.0; Win64; x64) AppleWebKit/537.36 (KHTML, like Gecko) Chrome/78.0.3904.97 Safari/537.36"
::1 - - [13/Nov/2019:22:46:57 +0000] "GET /swagger/swagger-ui-standalone-preset.js HTTP/1.1" 200 307021 "http://localhost:3001/swagger/" "Mozilla/5.0 (Windows NT 10.0; Win64; x64) AppleWebKit/537.36 (KHTML, like Gecko) Chrome/78.0.3904.97 Safari/537.36"
::1 - - [13/Nov/2019:22:46:57 +0000] "GET /swagger/swagger-ui-bundle.js HTTP/1.1" 200 974023 "http://localhost:3001/swagger/" "Mozilla/5.0 (Windows NT 10.0; Win64; x64) AppleWebKit/537.36 (KHTML, like Gecko) Chrome/78.0.3904.97 Safari/537.36"
::1 - - [13/Nov/2019:22:46:57 +0000] "GET /swagger/favicon-32x32.png HTTP/1.1" 200 628 "http://localhost:3001/swagger/" "Mozilla/5.0 (Windows NT 10.0; Win64; x64) AppleWebKit/537.36 (KHTML, like Gecko) Chrome/78.0.3904.97 Safari/537.36"
::1 - - [13/Nov/2019:22:49:44 +0000] "GET /swagger/ HTTP/1.1" 304 - "-" "Mozilla/5.0 (Windows NT 10.0; Win64; x64) AppleWebKit/537.36 (KHTML, like Gecko) Chrome/78.0.3904.97 Safari/537.36"
::1 - - [13/Nov/2019:22:49:44 +0000] "GET /swagger/swagger-ui-init.js HTTP/1.1" 304 - "http://localhost:3001/swagger/" "Mozilla/5.0 (Windows NT 10.0; Win64; x64) AppleWebKit/537.36 (KHTML, like Gecko) Chrome/78.0.3904.97 Safari/537.36"
::1 - - [13/Nov/2019:22:49:44 +0000] "GET /swagger/swagger-ui.css HTTP/1.1" 304 - "http://localhost:3001/swagger/" "Mozilla/5.0 (Windows NT 10.0; Win64; x64) AppleWebKit/537.36 (KHTML, like Gecko) Chrome/78.0.3904.97 Safari/537.36"
::1 - - [13/Nov/2019:22:49:44 +0000] "GET /swagger/swagger-ui-bundle.js HTTP/1.1" 304 - "http://localhost:3001/swagger/" "Mozilla/5.0 (Windows NT 10.0; Win64; x64) AppleWebKit/537.36 (KHTML, like Gecko) Chrome/78.0.3904.97 Safari/537.36"
::1 - - [13/Nov/2019:22:49:44 +0000] "GET /swagger/swagger-ui-standalone-preset.js HTTP/1.1" 304 - "http://localhost:3001/swagger/" "Mozilla/5.0 (Windows NT 10.0; Win64; x64) AppleWebKit/537.36 (KHTML, like Gecko) Chrome/78.0.3904.97 Safari/537.36"
::1 - - [13/Nov/2019:22:49:51 +0000] "GET /swagger-stats/ui HTTP/1.1" 200 - "-" "Mozilla/5.0 (Windows NT 10.0; Win64; x64) AppleWebKit/537.36 (KHTML, like Gecko) Chrome/78.0.3904.97 Safari/537.36"
::1 - - [13/Nov/2019:22:49:51 +0000] "GET /swagger-stats/dist/css/sws.min.css HTTP/1.1" 200 181427 "http://localhost:3001/swagger-stats/ui" "Mozilla/5.0 (Windows NT 10.0; Win64; x64) AppleWebKit/537.36 (KHTML, like Gecko) Chrome/78.0.3904.97 Safari/537.36"
::1 - - [13/Nov/2019:22:49:51 +0000] "GET /swagger-stats/dist/js/sws.min.js HTTP/1.1" 200 623432 "http://localhost:3001/swagger-stats/ui" "Mozilla/5.0 (Windows NT 10.0; Win64; x64) AppleWebKit/537.36 (KHTML, like Gecko) Chrome/78.0.3904.97 Safari/537.36"
::1 - - [13/Nov/2019:22:49:52 +0000] "GET /swagger-stats/stats?fields%5B%5D=timeline&fields%5B%5D=apidefs&fields%5B%5D=apistats HTTP/1.1" 200 - "http://localhost:3001/swagger-stats/ui" "Mozilla/5.0 (Windows NT 10.0; Win64; x64) AppleWebKit/537.36 (KHTML, like Gecko) Chrome/78.0.3904.97 Safari/537.36"
::1 - - [13/Nov/2019:22:49:52 +0000] "GET /swagger-stats/stats?fields%5B%5D=timeline&fields%5B%5D=apidefs&fields%5B%5D=apistats HTTP/1.1" 200 - "http://localhost:3001/swagger-stats/ui" "Mozilla/5.0 (Windows NT 10.0; Win64; x64) AppleWebKit/537.36 (KHTML, like Gecko) Chrome/78.0.3904.97 Safari/537.36"
::1 - - [13/Nov/2019:22:49:52 +0000] "GET /swagger-stats/dist/fonts/glyphicons-halflings-regular.woff2 HTTP/1.1" 200 18028 "http://localhost:3001/swagger-stats/dist/css/sws.min.css" "Mozilla/5.0 (Windows NT 10.0; Win64; x64) AppleWebKit/537.36 (KHTML, like Gecko) Chrome/78.0.3904.97 Safari/537.36"
::1 - - [13/Nov/2019:22:49:52 +0000] "GET /swagger-stats/dist/fonts/fontawesome-webfont.woff2?v=4.7.0 HTTP/1.1" 200 77160 "http://localhost:3001/swagger-stats/dist/css/sws.min.css" "Mozilla/5.0 (Windows NT 10.0; Win64; x64) AppleWebKit/537.36 (KHTML, like Gecko) Chrome/78.0.3904.97 Safari/537.36"
::1 - - [13/Nov/2019:22:49:52 +0000] "GET /favicon.ico HTTP/1.1" 404 150 "http://localhost:3001/swagger-stats/ui" "Mozilla/5.0 (Windows NT 10.0; Win64; x64) AppleWebKit/537.36 (KHTML, like Gecko) Chrome/78.0.3904.97 Safari/537.36"
::1 - - [13/Nov/2019:22:50:06 +0000] "GET /swagger-stats/stats?fields%5B%5D=method HTTP/1.1" 200 - "http://localhost:3001/swagger-stats/ui" "Mozilla/5.0 (Windows NT 10.0; Win64; x64) AppleWebKit/537.36 (KHTML, like Gecko) Chrome/78.0.3904.97 Safari/537.36"
::1 - - [13/Nov/2019:22:50:09 +0000] "GET /swagger-stats/stats?fields%5B%5D=timeline&fields%5B%5D=apidefs&fields%5B%5D=apistats HTTP/1.1" 200 - "http://localhost:3001/swagger-stats/ui" "Mozilla/5.0 (Windows NT 10.0; Win64; x64) AppleWebKit/537.36 (KHTML, like Gecko) Chrome/78.0.3904.97 Safari/537.36"
::1 - - [13/Nov/2019:22:50:13 +0000] "GET /api/users HTTP/1.1" 304 - "-" "Mozilla/5.0 (Windows NT 10.0; Win64; x64) AppleWebKit/537.36 (KHTML, like Gecko) Chrome/78.0.3904.97 Safari/537.36"
::1 - - [13/Nov/2019:22:50:27 +0000] "GET /swagger-stats/stats?fields%5B%5D=method HTTP/1.1" 200 - "http://localhost:3001/swagger-stats/ui" "Mozilla/5.0 (Windows NT 10.0; Win64; x64) AppleWebKit/537.36 (KHTML, like Gecko) Chrome/78.0.3904.97 Safari/537.36"
::1 - - [13/Nov/2019:22:50:31 +0000] "GET /swagger-stats/stats?fields%5B%5D=errors HTTP/1.1" 200 - "http://localhost:3001/swagger-stats/ui" "Mozilla/5.0 (Windows NT 10.0; Win64; x64) AppleWebKit/537.36 (KHTML, like Gecko) Chrome/78.0.3904.97 Safari/537.36"
::1 - - [13/Nov/2019:22:50:32 +0000] "GET /swagger-stats/stats?fields%5B%5D=lasterrors HTTP/1.1" 200 - "http://localhost:3001/swagger-stats/ui" "Mozilla/5.0 (Windows NT 10.0; Win64; x64) AppleWebKit/537.36 (KHTML, like Gecko) Chrome/78.0.3904.97 Safari/537.36"
::1 - - [13/Nov/2019:22:50:47 +0000] "GET /swagger-stats/stats?fields%5B%5D=longestreq HTTP/1.1" 200 - "http://localhost:3001/swagger-stats/ui" "Mozilla/5.0 (Windows NT 10.0; Win64; x64) AppleWebKit/537.36 (KHTML, like Gecko) Chrome/78.0.3904.97 Safari/537.36"
::1 - - [13/Nov/2019:22:50:48 +0000] "GET /swagger-stats/stats?fields%5B%5D=timeline HTTP/1.1" 200 - "http://localhost:3001/swagger-stats/ui" "Mozilla/5.0 (Windows NT 10.0; Win64; x64) AppleWebKit/537.36 (KHTML, like Gecko) Chrome/78.0.3904.97 Safari/537.36"
::1 - - [13/Nov/2019:22:50:51 +0000] "GET /swagger-stats/stats?fields%5B%5D=timeline HTTP/1.1" 200 - "http://localhost:3001/swagger-stats/ui" "Mozilla/5.0 (Windows NT 10.0; Win64; x64) AppleWebKit/537.36 (KHTML, like Gecko) Chrome/78.0.3904.97 Safari/537.36"
::1 - - [13/Nov/2019:22:50:52 +0000] "GET /swagger-stats/stats?fields%5B%5D=apistats HTTP/1.1" 200 - "http://localhost:3001/swagger-stats/ui" "Mozilla/5.0 (Windows NT 10.0; Win64; x64) AppleWebKit/537.36 (KHTML, like Gecko) Chrome/78.0.3904.97 Safari/537.36"
::1 - - [13/Nov/2019:22:50:52 +0000] "GET /swagger-stats/stats?fields%5B%5D=apistats HTTP/1.1" 200 - "http://localhost:3001/swagger-stats/ui" "Mozilla/5.0 (Windows NT 10.0; Win64; x64) AppleWebKit/537.36 (KHTML, like Gecko) Chrome/78.0.3904.97 Safari/537.36"
::1 - - [13/Nov/2019:22:51:10 +0000] "GET /swagger/ HTTP/1.1" 304 - "-" "Mozilla/5.0 (Windows NT 10.0; Win64; x64) AppleWebKit/537.36 (KHTML, like Gecko) Chrome/78.0.3904.97 Safari/537.36"
::1 - - [13/Nov/2019:22:51:10 +0000] "GET /swagger/swagger-ui-init.js HTTP/1.1" 304 - "http://localhost:3001/swagger/" "Mozilla/5.0 (Windows NT 10.0; Win64; x64) AppleWebKit/537.36 (KHTML, like Gecko) Chrome/78.0.3904.97 Safari/537.36"
::1 - - [13/Nov/2019:22:51:10 +0000] "GET /swagger/swagger-ui.css HTTP/1.1" 304 - "http://localhost:3001/swagger/" "Mozilla/5.0 (Windows NT 10.0; Win64; x64) AppleWebKit/537.36 (KHTML, like Gecko) Chrome/78.0.3904.97 Safari/537.36"
::1 - - [13/Nov/2019:22:51:10 +0000] "GET /swagger/swagger-ui-bundle.js HTTP/1.1" 304 - "http://localhost:3001/swagger/" "Mozilla/5.0 (Windows NT 10.0; Win64; x64) AppleWebKit/537.36 (KHTML, like Gecko) Chrome/78.0.3904.97 Safari/537.36"
::1 - - [13/Nov/2019:22:51:10 +0000] "GET /swagger/swagger-ui-standalone-preset.js HTTP/1.1" 304 - "http://localhost:3001/swagger/" "Mozilla/5.0 (Windows NT 10.0; Win64; x64) AppleWebKit/537.36 (KHTML, like Gecko) Chrome/78.0.3904.97 Safari/537.36"
::1 - - [13/Nov/2019:22:51:13 +0000] "GET /api/users HTTP/1.1" 304 - "http://localhost:3001/swagger/" "Mozilla/5.0 (Windows NT 10.0; Win64; x64) AppleWebKit/537.36 (KHTML, like Gecko) Chrome/78.0.3904.97 Safari/537.36"
::1 - - [13/Nov/2019:22:51:17 +0000] "GET /swagger-stats/stats?fields%5B%5D=timeline&fields%5B%5D=apidefs&fields%5B%5D=apistats HTTP/1.1" 200 - "http://localhost:3001/swagger-stats/ui" "Mozilla/5.0 (Windows NT 10.0; Win64; x64) AppleWebKit/537.36 (KHTML, like Gecko) Chrome/78.0.3904.97 Safari/537.36"
::1 - - [13/Nov/2019:22:51:23 +0000] "GET /api/users HTTP/1.1" 304 - "-" "Mozilla/5.0 (Windows NT 10.0; Win64; x64) AppleWebKit/537.36 (KHTML, like Gecko) Chrome/78.0.3904.97 Safari/537.36"
::1 - - [13/Nov/2019:22:51:30 +0000] "GET /swagger-stats/ui HTTP/1.1" 200 - "-" "Mozilla/5.0 (Windows NT 10.0; Win64; x64) AppleWebKit/537.36 (KHTML, like Gecko) Chrome/78.0.3904.97 Safari/537.36"
::1 - - [13/Nov/2019:22:51:30 +0000] "GET /swagger-stats/dist/css/sws.min.css HTTP/1.1" 304 - "http://localhost:3001/swagger-stats/ui" "Mozilla/5.0 (Windows NT 10.0; Win64; x64) AppleWebKit/537.36 (KHTML, like Gecko) Chrome/78.0.3904.97 Safari/537.36"
::1 - - [13/Nov/2019:22:51:30 +0000] "GET /swagger-stats/dist/js/sws.min.js HTTP/1.1" 304 - "http://localhost:3001/swagger-stats/ui" "Mozilla/5.0 (Windows NT 10.0; Win64; x64) AppleWebKit/537.36 (KHTML, like Gecko) Chrome/78.0.3904.97 Safari/537.36"
::1 - - [13/Nov/2019:22:51:30 +0000] "GET /swagger-stats/dist/fonts/fontawesome-webfont.woff2?v=4.7.0 HTTP/1.1" 304 - "http://localhost:3001/swagger-stats/dist/css/sws.min.css" "Mozilla/5.0 (Windows NT 10.0; Win64; x64) AppleWebKit/537.36 (KHTML, like Gecko) Chrome/78.0.3904.97 Safari/537.36"
::1 - - [13/Nov/2019:22:51:30 +0000] "GET /swagger-stats/dist/fonts/glyphicons-halflings-regular.woff2 HTTP/1.1" 304 - "http://localhost:3001/swagger-stats/dist/css/sws.min.css" "Mozilla/5.0 (Windows NT 10.0; Win64; x64) AppleWebKit/537.36 (KHTML, like Gecko) Chrome/78.0.3904.97 Safari/537.36"
::1 - - [13/Nov/2019:22:51:30 +0000] "GET /swagger-stats/stats?fields%5B%5D=timeline&fields%5B%5D=apidefs&fields%5B%5D=apistats HTTP/1.1" 200 - "http://localhost:3001/swagger-stats/ui" "Mozilla/5.0 (Windows NT 10.0; Win64; x64) AppleWebKit/537.36 (KHTML, like Gecko) Chrome/78.0.3904.97 Safari/537.36"
::1 - - [13/Nov/2019:22:51:33 +0000] "GET /swagger-stats/stats?fields%5B%5D=apiop HTTP/1.1" 200 - "http://localhost:3001/swagger-stats/ui" "Mozilla/5.0 (Windows NT 10.0; Win64; x64) AppleWebKit/537.36 (KHTML, like Gecko) Chrome/78.0.3904.97 Safari/537.36"
::1 - - [13/Nov/2019:22:51:34 +0000] "GET /swagger-stats/stats?fields%5B%5D=apiop&method=GET&path=%2Fapi%2Fusers HTTP/1.1" 200 - "http://localhost:3001/swagger-stats/ui" "Mozilla/5.0 (Windows NT 10.0; Win64; x64) AppleWebKit/537.36 (KHTML, like Gecko) Chrome/78.0.3904.97 Safari/537.36"
::1 - - [13/Nov/2019:22:51:46 +0000] "GET /swagger-stats/stats?fields%5B%5D=apiop&method=PUT&path=%2Fapi%2Fusers%2F%7Bid%7D HTTP/1.1" 200 - "http://localhost:3001/swagger-stats/ui" "Mozilla/5.0 (Windows NT 10.0; Win64; x64) AppleWebKit/537.36 (KHTML, like Gecko) Chrome/78.0.3904.97 Safari/537.36"
::1 - - [13/Nov/2019:22:51:50 +0000] "GET /swagger-stats/stats?fields%5B%5D=timeline HTTP/1.1" 200 - "http://localhost:3001/swagger-stats/ui" "Mozilla/5.0 (Windows NT 10.0; Win64; x64) AppleWebKit/537.36 (KHTML, like Gecko) Chrome/78.0.3904.97 Safari/537.36"
::1 - - [13/Nov/2019:22:51:51 +0000] "GET /swagger-stats/stats?fields%5B%5D=timeline&fields%5B%5D=apidefs&fields%5B%5D=apistats HTTP/1.1" 200 - "http://localhost:3001/swagger-stats/ui" "Mozilla/5.0 (Windows NT 10.0; Win64; x64) AppleWebKit/537.36 (KHTML, like Gecko) Chrome/78.0.3904.97 Safari/537.36"
::1 - - [13/Nov/2019:22:51:54 +0000] "GET /swagger-stats/stats?fields%5B%5D=timeline&fields%5B%5D=apidefs&fields%5B%5D=apistats HTTP/1.1" 200 - "http://localhost:3001/swagger-stats/ui" "Mozilla/5.0 (Windows NT 10.0; Win64; x64) AppleWebKit/537.36 (KHTML, like Gecko) Chrome/78.0.3904.97 Safari/537.36"
::1 - - [13/Nov/2019:22:51:55 +0000] "GET /swagger-stats/stats?fields%5B%5D=timeline&fields%5B%5D=apidefs&fields%5B%5D=apistats HTTP/1.1" 200 - "http://localhost:3001/swagger-stats/ui" "Mozilla/5.0 (Windows NT 10.0; Win64; x64) AppleWebKit/537.36 (KHTML, like Gecko) Chrome/78.0.3904.97 Safari/537.36"
::1 - - [13/Nov/2019:22:52:31 +0000] "GET /swagger-stats/stats?fields%5B%5D=timeline&fields%5B%5D=apidefs&fields%5B%5D=apistats HTTP/1.1" 200 - "http://localhost:3001/swagger-stats/ui" "Mozilla/5.0 (Windows NT 10.0; Win64; x64) AppleWebKit/537.36 (KHTML, like Gecko) Chrome/78.0.3904.97 Safari/537.36"
::1 - - [13/Nov/2019:22:53:24 +0000] "GET /swagger-stats/metrics HTTP/1.1" 200 - "-" "Mozilla/5.0 (Windows NT 10.0; Win64; x64) AppleWebKit/537.36 (KHTML, like Gecko) Chrome/78.0.3904.97 Safari/537.36"
::1 - - [13/Nov/2019:22:53:46 +0000] "GET /api/users HTTP/1.1" 304 - "-" "Mozilla/5.0 (Windows NT 10.0; Win64; x64) AppleWebKit/537.36 (KHTML, like Gecko) Chrome/78.0.3904.97 Safari/537.36"
::1 - - [13/Nov/2019:22:53:47 +0000] "GET /api/users HTTP/1.1" 304 - "-" "Mozilla/5.0 (Windows NT 10.0; Win64; x64) AppleWebKit/537.36 (KHTML, like Gecko) Chrome/78.0.3904.97 Safari/537.36"
::1 - - [13/Nov/2019:22:53:48 +0000] "GET /api/users HTTP/1.1" 304 - "-" "Mozilla/5.0 (Windows NT 10.0; Win64; x64) AppleWebKit/537.36 (KHTML, like Gecko) Chrome/78.0.3904.97 Safari/537.36"
::1 - - [13/Nov/2019:22:53:59 +0000] "GET /swagger-stats/ui HTTP/1.1" 200 - "-" "Mozilla/5.0 (Windows NT 10.0; Win64; x64) AppleWebKit/537.36 (KHTML, like Gecko) Chrome/78.0.3904.97 Safari/537.36"
::1 - - [13/Nov/2019:22:53:59 +0000] "GET /swagger-stats/dist/css/sws.min.css HTTP/1.1" 304 - "http://localhost:3001/swagger-stats/ui" "Mozilla/5.0 (Windows NT 10.0; Win64; x64) AppleWebKit/537.36 (KHTML, like Gecko) Chrome/78.0.3904.97 Safari/537.36"
::1 - - [13/Nov/2019:22:53:59 +0000] "GET /swagger-stats/dist/js/sws.min.js HTTP/1.1" 304 - "http://localhost:3001/swagger-stats/ui" "Mozilla/5.0 (Windows NT 10.0; Win64; x64) AppleWebKit/537.36 (KHTML, like Gecko) Chrome/78.0.3904.97 Safari/537.36"
::1 - - [13/Nov/2019:22:53:59 +0000] "GET /swagger-stats/dist/fonts/fontawesome-webfont.woff2?v=4.7.0 HTTP/1.1" 304 - "http://localhost:3001/swagger-stats/dist/css/sws.min.css" "Mozilla/5.0 (Windows NT 10.0; Win64; x64) AppleWebKit/537.36 (KHTML, like Gecko) Chrome/78.0.3904.97 Safari/537.36"
::1 - - [13/Nov/2019:22:53:59 +0000] "GET /swagger-stats/dist/fonts/glyphicons-halflings-regular.woff2 HTTP/1.1" 304 - "http://localhost:3001/swagger-stats/dist/css/sws.min.css" "Mozilla/5.0 (Windows NT 10.0; Win64; x64) AppleWebKit/537.36 (KHTML, like Gecko) Chrome/78.0.3904.97 Safari/537.36"
::1 - - [13/Nov/2019:22:53:59 +0000] "GET /swagger-stats/stats?fields%5B%5D=timeline&fields%5B%5D=apidefs&fields%5B%5D=apistats HTTP/1.1" 200 - "http://localhost:3001/swagger-stats/ui" "Mozilla/5.0 (Windows NT 10.0; Win64; x64) AppleWebKit/537.36 (KHTML, like Gecko) Chrome/78.0.3904.97 Safari/537.36"
::1 - - [13/Nov/2019:22:55:00 +0000] "GET /swagger-stats/stats?fields%5B%5D=timeline&fields%5B%5D=apidefs&fields%5B%5D=apistats HTTP/1.1" 200 - "http://localhost:3001/swagger-stats/ui" "Mozilla/5.0 (Windows NT 10.0; Win64; x64) AppleWebKit/537.36 (KHTML, like Gecko) Chrome/78.0.3904.97 Safari/537.36"
::1 - - [13/Nov/2019:22:55:24 +0000] "GET /swagger-stats/stats HTTP/1.1" 200 - "-" "Mozilla/5.0 (Windows NT 10.0; Win64; x64) AppleWebKit/537.36 (KHTML, like Gecko) Chrome/78.0.3904.97 Safari/537.36"
::1 - - [13/Nov/2019:22:55:59 +0000] "GET /ahi HTTP/1.1" 404 142 "-" "Mozilla/5.0 (Windows NT 10.0; Win64; x64) AppleWebKit/537.36 (KHTML, like Gecko) Chrome/78.0.3904.97 Safari/537.36"
::1 - - [13/Nov/2019:22:56:02 +0000] "GET /swagger-stats/ui HTTP/1.1" 200 - "-" "Mozilla/5.0 (Windows NT 10.0; Win64; x64) AppleWebKit/537.36 (KHTML, like Gecko) Chrome/78.0.3904.97 Safari/537.36"
::1 - - [13/Nov/2019:22:56:03 +0000] "GET /swagger-stats/dist/css/sws.min.css HTTP/1.1" 304 - "http://localhost:3001/swagger-stats/ui" "Mozilla/5.0 (Windows NT 10.0; Win64; x64) AppleWebKit/537.36 (KHTML, like Gecko) Chrome/78.0.3904.97 Safari/537.36"
::1 - - [13/Nov/2019:22:56:03 +0000] "GET /swagger-stats/dist/js/sws.min.js HTTP/1.1" 304 - "http://localhost:3001/swagger-stats/ui" "Mozilla/5.0 (Windows NT 10.0; Win64; x64) AppleWebKit/537.36 (KHTML, like Gecko) Chrome/78.0.3904.97 Safari/537.36"
::1 - - [13/Nov/2019:22:56:03 +0000] "GET /swagger-stats/dist/fonts/fontawesome-webfont.woff2?v=4.7.0 HTTP/1.1" 304 - "http://localhost:3001/swagger-stats/dist/css/sws.min.css" "Mozilla/5.0 (Windows NT 10.0; Win64; x64) AppleWebKit/537.36 (KHTML, like Gecko) Chrome/78.0.3904.97 Safari/537.36"
::1 - - [13/Nov/2019:22:56:03 +0000] "GET /swagger-stats/dist/fonts/glyphicons-halflings-regular.woff2 HTTP/1.1" 304 - "http://localhost:3001/swagger-stats/dist/css/sws.min.css" "Mozilla/5.0 (Windows NT 10.0; Win64; x64) AppleWebKit/537.36 (KHTML, like Gecko) Chrome/78.0.3904.97 Safari/537.36"
::1 - - [13/Nov/2019:22:56:03 +0000] "GET /swagger-stats/stats?fields%5B%5D=timeline&fields%5B%5D=apidefs&fields%5B%5D=apistats HTTP/1.1" 200 - "http://localhost:3001/swagger-stats/ui" "Mozilla/5.0 (Windows NT 10.0; Win64; x64) AppleWebKit/537.36 (KHTML, like Gecko) Chrome/78.0.3904.97 Safari/537.36"
::1 - - [13/Nov/2019:22:56:07 +0000] "GET /swagger-stats/stats?fields%5B%5D=method HTTP/1.1" 200 - "http://localhost:3001/swagger-stats/ui" "Mozilla/5.0 (Windows NT 10.0; Win64; x64) AppleWebKit/537.36 (KHTML, like Gecko) Chrome/78.0.3904.97 Safari/537.36"
::1 - - [13/Nov/2019:22:56:10 +0000] "GET /swagger-stats/stats?fields%5B%5D=errors HTTP/1.1" 200 - "http://localhost:3001/swagger-stats/ui" "Mozilla/5.0 (Windows NT 10.0; Win64; x64) AppleWebKit/537.36 (KHTML, like Gecko) Chrome/78.0.3904.97 Safari/537.36"
::1 - - [13/Nov/2019:22:56:12 +0000] "GET /swagger-stats/stats?fields%5B%5D=lasterrors HTTP/1.1" 200 - "http://localhost:3001/swagger-stats/ui" "Mozilla/5.0 (Windows NT 10.0; Win64; x64) AppleWebKit/537.36 (KHTML, like Gecko) Chrome/78.0.3904.97 Safari/537.36"
::1 - - [13/Nov/2019:22:56:17 +0000] "GET /api/users HTTP/1.1" 304 - "-" "Mozilla/5.0 (Windows NT 10.0; Win64; x64) AppleWebKit/537.36 (KHTML, like Gecko) Chrome/78.0.3904.97 Safari/537.36"
::1 - - [13/Nov/2019:22:56:20 +0000] "GET /swagger-stats/ui HTTP/1.1" 200 - "-" "Mozilla/5.0 (Windows NT 10.0; Win64; x64) AppleWebKit/537.36 (KHTML, like Gecko) Chrome/78.0.3904.97 Safari/537.36"
::1 - - [13/Nov/2019:22:56:20 +0000] "GET /swagger-stats/dist/css/sws.min.css HTTP/1.1" 304 - "http://localhost:3001/swagger-stats/ui" "Mozilla/5.0 (Windows NT 10.0; Win64; x64) AppleWebKit/537.36 (KHTML, like Gecko) Chrome/78.0.3904.97 Safari/537.36"
::1 - - [13/Nov/2019:22:56:20 +0000] "GET /swagger-stats/dist/js/sws.min.js HTTP/1.1" 304 - "http://localhost:3001/swagger-stats/ui" "Mozilla/5.0 (Windows NT 10.0; Win64; x64) AppleWebKit/537.36 (KHTML, like Gecko) Chrome/78.0.3904.97 Safari/537.36"
::1 - - [13/Nov/2019:22:56:20 +0000] "GET /swagger-stats/stats?fields%5B%5D=lasterrors HTTP/1.1" 200 - "http://localhost:3001/swagger-stats/ui" "Mozilla/5.0 (Windows NT 10.0; Win64; x64) AppleWebKit/537.36 (KHTML, like Gecko) Chrome/78.0.3904.97 Safari/537.36"
::1 - - [13/Nov/2019:22:56:20 +0000] "GET /swagger-stats/dist/fonts/fontawesome-webfont.woff2?v=4.7.0 HTTP/1.1" 304 - "http://localhost:3001/swagger-stats/dist/css/sws.min.css" "Mozilla/5.0 (Windows NT 10.0; Win64; x64) AppleWebKit/537.36 (KHTML, like Gecko) Chrome/78.0.3904.97 Safari/537.36"
::1 - - [13/Nov/2019:22:56:20 +0000] "GET /swagger-stats/dist/fonts/glyphicons-halflings-regular.woff2 HTTP/1.1" 304 - "http://localhost:3001/swagger-stats/dist/css/sws.min.css" "Mozilla/5.0 (Windows NT 10.0; Win64; x64) AppleWebKit/537.36 (KHTML, like Gecko) Chrome/78.0.3904.97 Safari/537.36"
::1 - - [13/Nov/2019:22:56:21 +0000] "GET /swagger-stats/ui HTTP/1.1" 200 - "-" "Mozilla/5.0 (Windows NT 10.0; Win64; x64) AppleWebKit/537.36 (KHTML, like Gecko) Chrome/78.0.3904.97 Safari/537.36"
::1 - - [13/Nov/2019:22:56:21 +0000] "GET /swagger-stats/dist/css/sws.min.css HTTP/1.1" 304 - "http://localhost:3001/swagger-stats/ui" "Mozilla/5.0 (Windows NT 10.0; Win64; x64) AppleWebKit/537.36 (KHTML, like Gecko) Chrome/78.0.3904.97 Safari/537.36"
::1 - - [13/Nov/2019:22:56:21 +0000] "GET /swagger-stats/dist/js/sws.min.js HTTP/1.1" 304 - "http://localhost:3001/swagger-stats/ui" "Mozilla/5.0 (Windows NT 10.0; Win64; x64) AppleWebKit/537.36 (KHTML, like Gecko) Chrome/78.0.3904.97 Safari/537.36"
::1 - - [13/Nov/2019:22:56:21 +0000] "GET /swagger-stats/dist/fonts/fontawesome-webfont.woff2?v=4.7.0 HTTP/1.1" 304 - "http://localhost:3001/swagger-stats/dist/css/sws.min.css" "Mozilla/5.0 (Windows NT 10.0; Win64; x64) AppleWebKit/537.36 (KHTML, like Gecko) Chrome/78.0.3904.97 Safari/537.36"
::1 - - [13/Nov/2019:22:56:21 +0000] "GET /swagger-stats/dist/fonts/glyphicons-halflings-regular.woff2 HTTP/1.1" 304 - "http://localhost:3001/swagger-stats/dist/css/sws.min.css" "Mozilla/5.0 (Windows NT 10.0; Win64; x64) AppleWebKit/537.36 (KHTML, like Gecko) Chrome/78.0.3904.97 Safari/537.36"
::1 - - [13/Nov/2019:22:56:21 +0000] "GET /swagger-stats/stats?fields%5B%5D=lasterrors HTTP/1.1" 200 - "http://localhost:3001/swagger-stats/ui" "Mozilla/5.0 (Windows NT 10.0; Win64; x64) AppleWebKit/537.36 (KHTML, like Gecko) Chrome/78.0.3904.97 Safari/537.36"
::1 - - [13/Nov/2019:22:57:22 +0000] "GET /swagger-stats/stats?fields%5B%5D=lasterrors HTTP/1.1" 200 - "http://localhost:3001/swagger-stats/ui" "Mozilla/5.0 (Windows NT 10.0; Win64; x64) AppleWebKit/537.36 (KHTML, like Gecko) Chrome/78.0.3904.97 Safari/537.36"
::1 - - [13/Nov/2019:22:58:22 +0000] "GET /swagger-stats/stats?fields%5B%5D=lasterrors HTTP/1.1" 200 - "http://localhost:3001/swagger-stats/ui" "Mozilla/5.0 (Windows NT 10.0; Win64; x64) AppleWebKit/537.36 (KHTML, like Gecko) Chrome/78.0.3904.97 Safari/537.36"
::1 - - [13/Nov/2019:22:59:22 +0000] "GET /swagger-stats/stats?fields%5B%5D=lasterrors HTTP/1.1" 200 - "http://localhost:3001/swagger-stats/ui" "Mozilla/5.0 (Windows NT 10.0; Win64; x64) AppleWebKit/537.36 (KHTML, like Gecko) Chrome/78.0.3904.97 Safari/537.36"
::1 - - [13/Nov/2019:22:59:38 +0000] "GET /api/usersvv HTTP/1.1" 404 150 "-" "Mozilla/5.0 (Windows NT 10.0; Win64; x64) AppleWebKit/537.36 (KHTML, like Gecko) Chrome/78.0.3904.97 Safari/537.36"
::1 - - [13/Nov/2019:22:59:41 +0000] "GET /swagger-stats/ui HTTP/1.1" 200 - "-" "Mozilla/5.0 (Windows NT 10.0; Win64; x64) AppleWebKit/537.36 (KHTML, like Gecko) Chrome/78.0.3904.97 Safari/537.36"
::1 - - [13/Nov/2019:22:59:41 +0000] "GET /swagger-stats/dist/css/sws.min.css HTTP/1.1" 304 - "http://localhost:3001/swagger-stats/ui" "Mozilla/5.0 (Windows NT 10.0; Win64; x64) AppleWebKit/537.36 (KHTML, like Gecko) Chrome/78.0.3904.97 Safari/537.36"
::1 - - [13/Nov/2019:22:59:41 +0000] "GET /swagger-stats/dist/js/sws.min.js HTTP/1.1" 304 - "http://localhost:3001/swagger-stats/ui" "Mozilla/5.0 (Windows NT 10.0; Win64; x64) AppleWebKit/537.36 (KHTML, like Gecko) Chrome/78.0.3904.97 Safari/537.36"
::1 - - [13/Nov/2019:22:59:42 +0000] "GET /swagger-stats/stats?fields%5B%5D=lasterrors HTTP/1.1" 200 - "http://localhost:3001/swagger-stats/ui" "Mozilla/5.0 (Windows NT 10.0; Win64; x64) AppleWebKit/537.36 (KHTML, like Gecko) Chrome/78.0.3904.97 Safari/537.36"
::1 - - [13/Nov/2019:22:59:42 +0000] "GET /swagger-stats/dist/fonts/fontawesome-webfont.woff2?v=4.7.0 HTTP/1.1" 304 - "http://localhost:3001/swagger-stats/dist/css/sws.min.css" "Mozilla/5.0 (Windows NT 10.0; Win64; x64) AppleWebKit/537.36 (KHTML, like Gecko) Chrome/78.0.3904.97 Safari/537.36"
::1 - - [13/Nov/2019:22:59:42 +0000] "GET /swagger-stats/dist/fonts/glyphicons-halflings-regular.woff2 HTTP/1.1" 304 - "http://localhost:3001/swagger-stats/dist/css/sws.min.css" "Mozilla/5.0 (Windows NT 10.0; Win64; x64) AppleWebKit/537.36 (KHTML, like Gecko) Chrome/78.0.3904.97 Safari/537.36"
::1 - - [13/Nov/2019:22:59:44 +0000] "GET /swagger-stats/stats?fields%5B%5D=timeline&fields%5B%5D=apidefs&fields%5B%5D=apistats HTTP/1.1" 200 - "http://localhost:3001/swagger-stats/ui" "Mozilla/5.0 (Windows NT 10.0; Win64; x64) AppleWebKit/537.36 (KHTML, like Gecko) Chrome/78.0.3904.97 Safari/537.36"
::1 - - [13/Nov/2019:23:00:44 +0000] "GET /swagger-stats/stats?fields%5B%5D=timeline&fields%5B%5D=apidefs&fields%5B%5D=apistats HTTP/1.1" 200 - "http://localhost:3001/swagger-stats/ui" "Mozilla/5.0 (Windows NT 10.0; Win64; x64) AppleWebKit/537.36 (KHTML, like Gecko) Chrome/78.0.3904.97 Safari/537.36"
::1 - - [13/Nov/2019:23:00:57 +0000] "GET /swagger-stats/ui HTTP/1.1" 200 - "-" "Mozilla/5.0 (Windows NT 10.0; Win64; x64) AppleWebKit/537.36 (KHTML, like Gecko) Chrome/78.0.3904.97 Safari/537.36"
::1 - - [13/Nov/2019:23:00:57 +0000] "GET /swagger-stats/dist/css/sws.min.css HTTP/1.1" 304 - "http://localhost:3001/swagger-stats/ui" "Mozilla/5.0 (Windows NT 10.0; Win64; x64) AppleWebKit/537.36 (KHTML, like Gecko) Chrome/78.0.3904.97 Safari/537.36"
::1 - - [13/Nov/2019:23:00:57 +0000] "GET /swagger-stats/dist/js/sws.min.js HTTP/1.1" 304 - "http://localhost:3001/swagger-stats/ui" "Mozilla/5.0 (Windows NT 10.0; Win64; x64) AppleWebKit/537.36 (KHTML, like Gecko) Chrome/78.0.3904.97 Safari/537.36"
::1 - - [13/Nov/2019:23:00:58 +0000] "GET /swagger-stats/dist/fonts/fontawesome-webfont.woff2?v=4.7.0 HTTP/1.1" 304 - "http://localhost:3001/swagger-stats/dist/css/sws.min.css" "Mozilla/5.0 (Windows NT 10.0; Win64; x64) AppleWebKit/537.36 (KHTML, like Gecko) Chrome/78.0.3904.97 Safari/537.36"
::1 - - [13/Nov/2019:23:00:58 +0000] "GET /swagger-stats/dist/fonts/glyphicons-halflings-regular.woff2 HTTP/1.1" 304 - "http://localhost:3001/swagger-stats/dist/css/sws.min.css" "Mozilla/5.0 (Windows NT 10.0; Win64; x64) AppleWebKit/537.36 (KHTML, like Gecko) Chrome/78.0.3904.97 Safari/537.36"
::1 - - [13/Nov/2019:23:00:58 +0000] "GET /swagger-stats/stats?fields%5B%5D=timeline&fields%5B%5D=apidefs&fields%5B%5D=apistats HTTP/1.1" 200 - "http://localhost:3001/swagger-stats/ui" "Mozilla/5.0 (Windows NT 10.0; Win64; x64) AppleWebKit/537.36 (KHTML, like Gecko) Chrome/78.0.3904.97 Safari/537.36"
::1 - - [13/Nov/2019:23:01:03 +0000] "GET /api/users HTTP/1.1" 304 - "-" "Mozilla/5.0 (Windows NT 10.0; Win64; x64) AppleWebKit/537.36 (KHTML, like Gecko) Chrome/78.0.3904.97 Safari/537.36"
::1 - - [13/Nov/2019:23:01:05 +0000] "GET /swagger-stats/ui HTTP/1.1" 200 - "-" "Mozilla/5.0 (Windows NT 10.0; Win64; x64) AppleWebKit/537.36 (KHTML, like Gecko) Chrome/78.0.3904.97 Safari/537.36"
::1 - - [13/Nov/2019:23:01:05 +0000] "GET /swagger-stats/dist/css/sws.min.css HTTP/1.1" 304 - "http://localhost:3001/swagger-stats/ui" "Mozilla/5.0 (Windows NT 10.0; Win64; x64) AppleWebKit/537.36 (KHTML, like Gecko) Chrome/78.0.3904.97 Safari/537.36"
::1 - - [13/Nov/2019:23:01:05 +0000] "GET /swagger-stats/dist/js/sws.min.js HTTP/1.1" 304 - "http://localhost:3001/swagger-stats/ui" "Mozilla/5.0 (Windows NT 10.0; Win64; x64) AppleWebKit/537.36 (KHTML, like Gecko) Chrome/78.0.3904.97 Safari/537.36"
::1 - - [13/Nov/2019:23:01:05 +0000] "GET /swagger-stats/dist/fonts/fontawesome-webfont.woff2?v=4.7.0 HTTP/1.1" 304 - "http://localhost:3001/swagger-stats/dist/css/sws.min.css" "Mozilla/5.0 (Windows NT 10.0; Win64; x64) AppleWebKit/537.36 (KHTML, like Gecko) Chrome/78.0.3904.97 Safari/537.36"
::1 - - [13/Nov/2019:23:01:05 +0000] "GET /swagger-stats/dist/fonts/glyphicons-halflings-regular.woff2 HTTP/1.1" 304 - "http://localhost:3001/swagger-stats/dist/css/sws.min.css" "Mozilla/5.0 (Windows NT 10.0; Win64; x64) AppleWebKit/537.36 (KHTML, like Gecko) Chrome/78.0.3904.97 Safari/537.36"
::1 - - [13/Nov/2019:23:01:05 +0000] "GET /swagger-stats/stats?fields%5B%5D=timeline&fields%5B%5D=apidefs&fields%5B%5D=apistats HTTP/1.1" 200 - "http://localhost:3001/swagger-stats/ui" "Mozilla/5.0 (Windows NT 10.0; Win64; x64) AppleWebKit/537.36 (KHTML, like Gecko) Chrome/78.0.3904.97 Safari/537.36"
::1 - - [13/Nov/2019:23:03:06 +0000] "GET /swagger-stats/stats?fields%5B%5D=timeline&fields%5B%5D=apidefs&fields%5B%5D=apistats HTTP/1.1" 200 - "http://localhost:3001/swagger-stats/ui" "Mozilla/5.0 (Windows NT 10.0; Win64; x64) AppleWebKit/537.36 (KHTML, like Gecko) Chrome/78.0.3904.97 Safari/537.36"
::1 - - [13/Nov/2019:23:03:06 +0000] "GET /swagger/ HTTP/1.1" 304 - "-" "Mozilla/5.0 (Windows NT 10.0; Win64; x64) AppleWebKit/537.36 (KHTML, like Gecko) Chrome/78.0.3904.97 Safari/537.36"
::1 - - [13/Nov/2019:23:03:06 +0000] "GET /swagger/swagger-ui-init.js HTTP/1.1" 200 6657 "http://localhost:3001/swagger/" "Mozilla/5.0 (Windows NT 10.0; Win64; x64) AppleWebKit/537.36 (KHTML, like Gecko) Chrome/78.0.3904.97 Safari/537.36"
::1 - - [13/Nov/2019:23:03:06 +0000] "GET /swagger/swagger-ui.css HTTP/1.1" 304 - "http://localhost:3001/swagger/" "Mozilla/5.0 (Windows NT 10.0; Win64; x64) AppleWebKit/537.36 (KHTML, like Gecko) Chrome/78.0.3904.97 Safari/537.36"
::1 - - [13/Nov/2019:23:03:06 +0000] "GET /swagger/swagger-ui-bundle.js HTTP/1.1" 304 - "http://localhost:3001/swagger/" "Mozilla/5.0 (Windows NT 10.0; Win64; x64) AppleWebKit/537.36 (KHTML, like Gecko) Chrome/78.0.3904.97 Safari/537.36"
::1 - - [13/Nov/2019:23:03:06 +0000] "GET /swagger/swagger-ui-standalone-preset.js HTTP/1.1" 304 - "http://localhost:3001/swagger/" "Mozilla/5.0 (Windows NT 10.0; Win64; x64) AppleWebKit/537.36 (KHTML, like Gecko) Chrome/78.0.3904.97 Safari/537.36"
::1 - - [13/Nov/2019:23:03:06 +0000] "GET /swagger/favicon-32x32.png HTTP/1.1" 200 628 "http://localhost:3001/swagger/" "Mozilla/5.0 (Windows NT 10.0; Win64; x64) AppleWebKit/537.36 (KHTML, like Gecko) Chrome/78.0.3904.97 Safari/537.36"
::1 - - [13/Nov/2019:23:03:07 +0000] "GET /swagger/ HTTP/1.1" 304 - "-" "Mozilla/5.0 (Windows NT 10.0; Win64; x64) AppleWebKit/537.36 (KHTML, like Gecko) Chrome/78.0.3904.97 Safari/537.36"
::1 - - [13/Nov/2019:23:03:07 +0000] "GET /swagger/swagger-ui-init.js HTTP/1.1" 304 - "http://localhost:3001/swagger/" "Mozilla/5.0 (Windows NT 10.0; Win64; x64) AppleWebKit/537.36 (KHTML, like Gecko) Chrome/78.0.3904.97 Safari/537.36"
::1 - - [13/Nov/2019:23:03:07 +0000] "GET /swagger/swagger-ui.css HTTP/1.1" 304 - "http://localhost:3001/swagger/" "Mozilla/5.0 (Windows NT 10.0; Win64; x64) AppleWebKit/537.36 (KHTML, like Gecko) Chrome/78.0.3904.97 Safari/537.36"
::1 - - [13/Nov/2019:23:03:07 +0000] "GET /swagger/swagger-ui-bundle.js HTTP/1.1" 304 - "http://localhost:3001/swagger/" "Mozilla/5.0 (Windows NT 10.0; Win64; x64) AppleWebKit/537.36 (KHTML, like Gecko) Chrome/78.0.3904.97 Safari/537.36"
::1 - - [13/Nov/2019:23:03:07 +0000] "GET /swagger/swagger-ui-standalone-preset.js HTTP/1.1" 304 - "http://localhost:3001/swagger/" "Mozilla/5.0 (Windows NT 10.0; Win64; x64) AppleWebKit/537.36 (KHTML, like Gecko) Chrome/78.0.3904.97 Safari/537.36"
::1 - - [13/Nov/2019:23:03:07 +0000] "GET /swagger/favicon-32x32.png HTTP/1.1" 200 628 "http://localhost:3001/swagger/" "Mozilla/5.0 (Windows NT 10.0; Win64; x64) AppleWebKit/537.36 (KHTML, like Gecko) Chrome/78.0.3904.97 Safari/537.36"
::1 - - [13/Nov/2019:23:03:09 +0000] "GET /swagger-stats/ui HTTP/1.1" 200 - "-" "Mozilla/5.0 (Windows NT 10.0; Win64; x64) AppleWebKit/537.36 (KHTML, like Gecko) Chrome/78.0.3904.97 Safari/537.36"
::1 - - [13/Nov/2019:23:03:09 +0000] "GET /swagger-stats/dist/css/sws.min.css HTTP/1.1" 304 - "http://localhost:3001/swagger-stats/ui" "Mozilla/5.0 (Windows NT 10.0; Win64; x64) AppleWebKit/537.36 (KHTML, like Gecko) Chrome/78.0.3904.97 Safari/537.36"
::1 - - [13/Nov/2019:23:03:09 +0000] "GET /swagger-stats/dist/js/sws.min.js HTTP/1.1" 304 - "http://localhost:3001/swagger-stats/ui" "Mozilla/5.0 (Windows NT 10.0; Win64; x64) AppleWebKit/537.36 (KHTML, like Gecko) Chrome/78.0.3904.97 Safari/537.36"
::1 - - [13/Nov/2019:23:03:10 +0000] "GET /swagger-stats/dist/fonts/fontawesome-webfont.woff2?v=4.7.0 HTTP/1.1" 304 - "http://localhost:3001/swagger-stats/dist/css/sws.min.css" "Mozilla/5.0 (Windows NT 10.0; Win64; x64) AppleWebKit/537.36 (KHTML, like Gecko) Chrome/78.0.3904.97 Safari/537.36"
::1 - - [13/Nov/2019:23:03:10 +0000] "GET /swagger-stats/dist/fonts/glyphicons-halflings-regular.woff2 HTTP/1.1" 304 - "http://localhost:3001/swagger-stats/dist/css/sws.min.css" "Mozilla/5.0 (Windows NT 10.0; Win64; x64) AppleWebKit/537.36 (KHTML, like Gecko) Chrome/78.0.3904.97 Safari/537.36"
::1 - - [13/Nov/2019:23:03:10 +0000] "GET /swagger-stats/stats?fields%5B%5D=timeline&fields%5B%5D=apidefs&fields%5B%5D=apistats HTTP/1.1" 200 - "http://localhost:3001/swagger-stats/ui" "Mozilla/5.0 (Windows NT 10.0; Win64; x64) AppleWebKit/537.36 (KHTML, like Gecko) Chrome/78.0.3904.97 Safari/537.36"
::1 - - [13/Nov/2019:23:03:12 +0000] "GET /api/users HTTP/1.1" 304 - "-" "Mozilla/5.0 (Windows NT 10.0; Win64; x64) AppleWebKit/537.36 (KHTML, like Gecko) Chrome/78.0.3904.97 Safari/537.36"
::1 - - [13/Nov/2019:23:03:14 +0000] "GET /swagger-stats/ui HTTP/1.1" 200 - "-" "Mozilla/5.0 (Windows NT 10.0; Win64; x64) AppleWebKit/537.36 (KHTML, like Gecko) Chrome/78.0.3904.97 Safari/537.36"
::1 - - [13/Nov/2019:23:03:14 +0000] "GET /swagger-stats/dist/css/sws.min.css HTTP/1.1" 304 - "http://localhost:3001/swagger-stats/ui" "Mozilla/5.0 (Windows NT 10.0; Win64; x64) AppleWebKit/537.36 (KHTML, like Gecko) Chrome/78.0.3904.97 Safari/537.36"
::1 - - [13/Nov/2019:23:03:14 +0000] "GET /swagger-stats/dist/js/sws.min.js HTTP/1.1" 304 - "http://localhost:3001/swagger-stats/ui" "Mozilla/5.0 (Windows NT 10.0; Win64; x64) AppleWebKit/537.36 (KHTML, like Gecko) Chrome/78.0.3904.97 Safari/537.36"
::1 - - [13/Nov/2019:23:03:14 +0000] "GET /swagger-stats/dist/fonts/fontawesome-webfont.woff2?v=4.7.0 HTTP/1.1" 304 - "http://localhost:3001/swagger-stats/dist/css/sws.min.css" "Mozilla/5.0 (Windows NT 10.0; Win64; x64) AppleWebKit/537.36 (KHTML, like Gecko) Chrome/78.0.3904.97 Safari/537.36"
::1 - - [13/Nov/2019:23:03:14 +0000] "GET /swagger-stats/dist/fonts/glyphicons-halflings-regular.woff2 HTTP/1.1" 304 - "http://localhost:3001/swagger-stats/dist/css/sws.min.css" "Mozilla/5.0 (Windows NT 10.0; Win64; x64) AppleWebKit/537.36 (KHTML, like Gecko) Chrome/78.0.3904.97 Safari/537.36"
::1 - - [13/Nov/2019:23:03:14 +0000] "GET /swagger-stats/stats?fields%5B%5D=timeline&fields%5B%5D=apidefs&fields%5B%5D=apistats HTTP/1.1" 200 - "http://localhost:3001/swagger-stats/ui" "Mozilla/5.0 (Windows NT 10.0; Win64; x64) AppleWebKit/537.36 (KHTML, like Gecko) Chrome/78.0.3904.97 Safari/537.36"
::1 - - [13/Nov/2019:23:03:17 +0000] "GET /api/users HTTP/1.1" 304 - "-" "Mozilla/5.0 (Windows NT 10.0; Win64; x64) AppleWebKit/537.36 (KHTML, like Gecko) Chrome/78.0.3904.97 Safari/537.36"
::1 - - [13/Nov/2019:23:04:15 +0000] "GET /swagger-stats/stats?fields%5B%5D=timeline&fields%5B%5D=apidefs&fields%5B%5D=apistats HTTP/1.1" 200 - "http://localhost:3001/swagger-stats/ui" "Mozilla/5.0 (Windows NT 10.0; Win64; x64) AppleWebKit/537.36 (KHTML, like Gecko) Chrome/78.0.3904.97 Safari/537.36"
::1 - - [13/Nov/2019:23:04:48 +0000] "GET /swagger-stats/ui HTTP/1.1" 200 - "-" "Mozilla/5.0 (Windows NT 10.0; Win64; x64) AppleWebKit/537.36 (KHTML, like Gecko) Chrome/78.0.3904.97 Safari/537.36"
::1 - - [13/Nov/2019:23:04:48 +0000] "GET /swagger-stats/dist/css/sws.min.css HTTP/1.1" 304 - "http://localhost:3001/swagger-stats/ui" "Mozilla/5.0 (Windows NT 10.0; Win64; x64) AppleWebKit/537.36 (KHTML, like Gecko) Chrome/78.0.3904.97 Safari/537.36"
::1 - - [13/Nov/2019:23:04:48 +0000] "GET /swagger-stats/dist/js/sws.min.js HTTP/1.1" 304 - "http://localhost:3001/swagger-stats/ui" "Mozilla/5.0 (Windows NT 10.0; Win64; x64) AppleWebKit/537.36 (KHTML, like Gecko) Chrome/78.0.3904.97 Safari/537.36"
::1 - - [13/Nov/2019:23:04:48 +0000] "GET /swagger-stats/dist/fonts/fontawesome-webfont.woff2?v=4.7.0 HTTP/1.1" 304 - "http://localhost:3001/swagger-stats/dist/css/sws.min.css" "Mozilla/5.0 (Windows NT 10.0; Win64; x64) AppleWebKit/537.36 (KHTML, like Gecko) Chrome/78.0.3904.97 Safari/537.36"
::1 - - [13/Nov/2019:23:04:48 +0000] "GET /swagger-stats/dist/fonts/glyphicons-halflings-regular.woff2 HTTP/1.1" 304 - "http://localhost:3001/swagger-stats/dist/css/sws.min.css" "Mozilla/5.0 (Windows NT 10.0; Win64; x64) AppleWebKit/537.36 (KHTML, like Gecko) Chrome/78.0.3904.97 Safari/537.36"
::1 - - [13/Nov/2019:23:04:49 +0000] "GET /swagger-stats/stats?fields%5B%5D=timeline&fields%5B%5D=apidefs&fields%5B%5D=apistats HTTP/1.1" 200 - "http://localhost:3001/swagger-stats/ui" "Mozilla/5.0 (Windows NT 10.0; Win64; x64) AppleWebKit/537.36 (KHTML, like Gecko) Chrome/78.0.3904.97 Safari/537.36"
::1 - - [13/Nov/2019:23:04:50 +0000] "GET /swagger-stats/ui HTTP/1.1" 200 - "-" "Mozilla/5.0 (Windows NT 10.0; Win64; x64) AppleWebKit/537.36 (KHTML, like Gecko) Chrome/78.0.3904.97 Safari/537.36"
::1 - - [13/Nov/2019:23:04:50 +0000] "GET /swagger-stats/dist/css/sws.min.css HTTP/1.1" 304 - "http://localhost:3001/swagger-stats/ui" "Mozilla/5.0 (Windows NT 10.0; Win64; x64) AppleWebKit/537.36 (KHTML, like Gecko) Chrome/78.0.3904.97 Safari/537.36"
::1 - - [13/Nov/2019:23:04:50 +0000] "GET /swagger-stats/dist/js/sws.min.js HTTP/1.1" 304 - "http://localhost:3001/swagger-stats/ui" "Mozilla/5.0 (Windows NT 10.0; Win64; x64) AppleWebKit/537.36 (KHTML, like Gecko) Chrome/78.0.3904.97 Safari/537.36"
::1 - - [13/Nov/2019:23:04:50 +0000] "GET /swagger-stats/dist/fonts/fontawesome-webfont.woff2?v=4.7.0 HTTP/1.1" 304 - "http://localhost:3001/swagger-stats/dist/css/sws.min.css" "Mozilla/5.0 (Windows NT 10.0; Win64; x64) AppleWebKit/537.36 (KHTML, like Gecko) Chrome/78.0.3904.97 Safari/537.36"
::1 - - [13/Nov/2019:23:04:50 +0000] "GET /swagger-stats/dist/fonts/glyphicons-halflings-regular.woff2 HTTP/1.1" 304 - "http://localhost:3001/swagger-stats/dist/css/sws.min.css" "Mozilla/5.0 (Windows NT 10.0; Win64; x64) AppleWebKit/537.36 (KHTML, like Gecko) Chrome/78.0.3904.97 Safari/537.36"
::1 - - [13/Nov/2019:23:04:50 +0000] "GET /swagger-stats/stats?fields%5B%5D=timeline&fields%5B%5D=apidefs&fields%5B%5D=apistats HTTP/1.1" 200 - "http://localhost:3001/swagger-stats/ui" "Mozilla/5.0 (Windows NT 10.0; Win64; x64) AppleWebKit/537.36 (KHTML, like Gecko) Chrome/78.0.3904.97 Safari/537.36"
::1 - - [13/Nov/2019:23:04:56 +0000] "GET /swagger-stats-test/ui HTTP/1.1" 404 160 "-" "Mozilla/5.0 (Windows NT 10.0; Win64; x64) AppleWebKit/537.36 (KHTML, like Gecko) Chrome/78.0.3904.97 Safari/537.36"
::1 - - [13/Nov/2019:23:05:01 +0000] "GET /api/users HTTP/1.1" 304 - "-" "Mozilla/5.0 (Windows NT 10.0; Win64; x64) AppleWebKit/537.36 (KHTML, like Gecko) Chrome/78.0.3904.97 Safari/537.36"
::1 - - [13/Nov/2019:23:05:03 +0000] "GET /swagger-stats/ui HTTP/1.1" 200 - "-" "Mozilla/5.0 (Windows NT 10.0; Win64; x64) AppleWebKit/537.36 (KHTML, like Gecko) Chrome/78.0.3904.97 Safari/537.36"
::1 - - [13/Nov/2019:23:05:03 +0000] "GET /swagger-stats/dist/css/sws.min.css HTTP/1.1" 304 - "http://localhost:3001/swagger-stats/ui" "Mozilla/5.0 (Windows NT 10.0; Win64; x64) AppleWebKit/537.36 (KHTML, like Gecko) Chrome/78.0.3904.97 Safari/537.36"
::1 - - [13/Nov/2019:23:05:03 +0000] "GET /swagger-stats/dist/js/sws.min.js HTTP/1.1" 304 - "http://localhost:3001/swagger-stats/ui" "Mozilla/5.0 (Windows NT 10.0; Win64; x64) AppleWebKit/537.36 (KHTML, like Gecko) Chrome/78.0.3904.97 Safari/537.36"
::1 - - [13/Nov/2019:23:05:03 +0000] "GET /swagger-stats/dist/fonts/fontawesome-webfont.woff2?v=4.7.0 HTTP/1.1" 304 - "http://localhost:3001/swagger-stats/dist/css/sws.min.css" "Mozilla/5.0 (Windows NT 10.0; Win64; x64) AppleWebKit/537.36 (KHTML, like Gecko) Chrome/78.0.3904.97 Safari/537.36"
::1 - - [13/Nov/2019:23:05:03 +0000] "GET /swagger-stats/dist/fonts/glyphicons-halflings-regular.woff2 HTTP/1.1" 304 - "http://localhost:3001/swagger-stats/dist/css/sws.min.css" "Mozilla/5.0 (Windows NT 10.0; Win64; x64) AppleWebKit/537.36 (KHTML, like Gecko) Chrome/78.0.3904.97 Safari/537.36"
::1 - - [13/Nov/2019:23:05:03 +0000] "GET /swagger-stats/stats?fields%5B%5D=timeline&fields%5B%5D=apidefs&fields%5B%5D=apistats HTTP/1.1" 200 - "http://localhost:3001/swagger-stats/ui" "Mozilla/5.0 (Windows NT 10.0; Win64; x64) AppleWebKit/537.36 (KHTML, like Gecko) Chrome/78.0.3904.97 Safari/537.36"
::1 - - [13/Nov/2019:23:05:07 +0000] "GET /swagger-stats/stats?fields%5B%5D=lasterrors HTTP/1.1" 200 - "http://localhost:3001/swagger-stats/ui" "Mozilla/5.0 (Windows NT 10.0; Win64; x64) AppleWebKit/537.36 (KHTML, like Gecko) Chrome/78.0.3904.97 Safari/537.36"
::1 - - [13/Nov/2019:23:05:14 +0000] "GET /swagger-stats/stats?fields%5B%5D=apistats HTTP/1.1" 200 - "http://localhost:3001/swagger-stats/ui" "Mozilla/5.0 (Windows NT 10.0; Win64; x64) AppleWebKit/537.36 (KHTML, like Gecko) Chrome/78.0.3904.97 Safari/537.36"
::1 - - [13/Nov/2019:23:05:19 +0000] "GET /swagger-stats/stats?fields%5B%5D=apiop&method=GET&path=%2Fapi%2Fusers HTTP/1.1" 200 - "http://localhost:3001/swagger-stats/ui" "Mozilla/5.0 (Windows NT 10.0; Win64; x64) AppleWebKit/537.36 (KHTML, like Gecko) Chrome/78.0.3904.97 Safari/537.36"
::1 - - [13/Nov/2019:23:05:37 +0000] "GET /api/users HTTP/1.1" 304 - "-" "Mozilla/5.0 (Windows NT 10.0; Win64; x64) AppleWebKit/537.36 (KHTML, like Gecko) Chrome/78.0.3904.97 Safari/537.36"
::1 - - [13/Nov/2019:23:05:43 +0000] "GET /swagger-stats/ui HTTP/1.1" 200 - "-" "Mozilla/5.0 (Windows NT 10.0; Win64; x64) AppleWebKit/537.36 (KHTML, like Gecko) Chrome/78.0.3904.97 Safari/537.36"
::1 - - [13/Nov/2019:23:05:43 +0000] "GET /swagger-stats/dist/css/sws.min.css HTTP/1.1" 304 - "http://localhost:3001/swagger-stats/ui" "Mozilla/5.0 (Windows NT 10.0; Win64; x64) AppleWebKit/537.36 (KHTML, like Gecko) Chrome/78.0.3904.97 Safari/537.36"
::1 - - [13/Nov/2019:23:05:43 +0000] "GET /swagger-stats/dist/js/sws.min.js HTTP/1.1" 304 - "http://localhost:3001/swagger-stats/ui" "Mozilla/5.0 (Windows NT 10.0; Win64; x64) AppleWebKit/537.36 (KHTML, like Gecko) Chrome/78.0.3904.97 Safari/537.36"
::1 - - [13/Nov/2019:23:05:43 +0000] "GET /swagger-stats/stats?fields%5B%5D=timeline&fields%5B%5D=apidefs&fields%5B%5D=apistats HTTP/1.1" 200 - "http://localhost:3001/swagger-stats/ui" "Mozilla/5.0 (Windows NT 10.0; Win64; x64) AppleWebKit/537.36 (KHTML, like Gecko) Chrome/78.0.3904.97 Safari/537.36"
::1 - - [13/Nov/2019:23:05:43 +0000] "GET /swagger-stats/dist/fonts/fontawesome-webfont.woff2?v=4.7.0 HTTP/1.1" 304 - "http://localhost:3001/swagger-stats/dist/css/sws.min.css" "Mozilla/5.0 (Windows NT 10.0; Win64; x64) AppleWebKit/537.36 (KHTML, like Gecko) Chrome/78.0.3904.97 Safari/537.36"
::1 - - [13/Nov/2019:23:05:43 +0000] "GET /swagger-stats/dist/fonts/glyphicons-halflings-regular.woff2 HTTP/1.1" 304 - "http://localhost:3001/swagger-stats/dist/css/sws.min.css" "Mozilla/5.0 (Windows NT 10.0; Win64; x64) AppleWebKit/537.36 (KHTML, like Gecko) Chrome/78.0.3904.97 Safari/537.36"
::1 - - [13/Nov/2019:23:06:18 +0000] "GET /api/users HTTP/1.1" 304 - "-" "Mozilla/5.0 (Windows NT 10.0; Win64; x64) AppleWebKit/537.36 (KHTML, like Gecko) Chrome/78.0.3904.97 Safari/537.36"
::1 - - [13/Nov/2019:23:06:20 +0000] "GET /swagger/ HTTP/1.1" 304 - "-" "Mozilla/5.0 (Windows NT 10.0; Win64; x64) AppleWebKit/537.36 (KHTML, like Gecko) Chrome/78.0.3904.97 Safari/537.36"
::1 - - [13/Nov/2019:23:06:20 +0000] "GET /swagger/swagger-ui.css HTTP/1.1" 304 - "http://localhost:3001/swagger/" "Mozilla/5.0 (Windows NT 10.0; Win64; x64) AppleWebKit/537.36 (KHTML, like Gecko) Chrome/78.0.3904.97 Safari/537.36"
::1 - - [13/Nov/2019:23:06:20 +0000] "GET /swagger/swagger-ui-bundle.js HTTP/1.1" 304 - "http://localhost:3001/swagger/" "Mozilla/5.0 (Windows NT 10.0; Win64; x64) AppleWebKit/537.36 (KHTML, like Gecko) Chrome/78.0.3904.97 Safari/537.36"
::1 - - [13/Nov/2019:23:06:20 +0000] "GET /swagger/swagger-ui-init.js HTTP/1.1" 200 6633 "http://localhost:3001/swagger/" "Mozilla/5.0 (Windows NT 10.0; Win64; x64) AppleWebKit/537.36 (KHTML, like Gecko) Chrome/78.0.3904.97 Safari/537.36"
::1 - - [13/Nov/2019:23:06:20 +0000] "GET /swagger/swagger-ui-standalone-preset.js HTTP/1.1" 304 - "http://localhost:3001/swagger/" "Mozilla/5.0 (Windows NT 10.0; Win64; x64) AppleWebKit/537.36 (KHTML, like Gecko) Chrome/78.0.3904.97 Safari/537.36"
::1 - - [13/Nov/2019:23:06:21 +0000] "GET /swagger/favicon-32x32.png HTTP/1.1" 200 628 "http://localhost:3001/swagger/" "Mozilla/5.0 (Windows NT 10.0; Win64; x64) AppleWebKit/537.36 (KHTML, like Gecko) Chrome/78.0.3904.97 Safari/537.36"
::1 - - [13/Nov/2019:23:06:23 +0000] "GET /api/users HTTP/1.1" 304 - "http://localhost:3001/swagger/" "Mozilla/5.0 (Windows NT 10.0; Win64; x64) AppleWebKit/537.36 (KHTML, like Gecko) Chrome/78.0.3904.97 Safari/537.36"
::1 - - [13/Nov/2019:23:06:28 +0000] "GET /swagger-stats/ui HTTP/1.1" 200 - "-" "Mozilla/5.0 (Windows NT 10.0; Win64; x64) AppleWebKit/537.36 (KHTML, like Gecko) Chrome/78.0.3904.97 Safari/537.36"
::1 - - [13/Nov/2019:23:06:28 +0000] "GET /swagger-stats/dist/css/sws.min.css HTTP/1.1" 304 - "http://localhost:3001/swagger-stats/ui" "Mozilla/5.0 (Windows NT 10.0; Win64; x64) AppleWebKit/537.36 (KHTML, like Gecko) Chrome/78.0.3904.97 Safari/537.36"
::1 - - [13/Nov/2019:23:06:28 +0000] "GET /swagger-stats/dist/js/sws.min.js HTTP/1.1" 304 - "http://localhost:3001/swagger-stats/ui" "Mozilla/5.0 (Windows NT 10.0; Win64; x64) AppleWebKit/537.36 (KHTML, like Gecko) Chrome/78.0.3904.97 Safari/537.36"
::1 - - [13/Nov/2019:23:06:28 +0000] "GET /swagger-stats/dist/fonts/fontawesome-webfont.woff2?v=4.7.0 HTTP/1.1" 304 - "http://localhost:3001/swagger-stats/dist/css/sws.min.css" "Mozilla/5.0 (Windows NT 10.0; Win64; x64) AppleWebKit/537.36 (KHTML, like Gecko) Chrome/78.0.3904.97 Safari/537.36"
::1 - - [13/Nov/2019:23:06:28 +0000] "GET /swagger-stats/dist/fonts/glyphicons-halflings-regular.woff2 HTTP/1.1" 304 - "http://localhost:3001/swagger-stats/dist/css/sws.min.css" "Mozilla/5.0 (Windows NT 10.0; Win64; x64) AppleWebKit/537.36 (KHTML, like Gecko) Chrome/78.0.3904.97 Safari/537.36"
::1 - - [13/Nov/2019:23:06:29 +0000] "GET /swagger-stats/stats?fields%5B%5D=timeline&fields%5B%5D=apidefs&fields%5B%5D=apistats HTTP/1.1" 200 - "http://localhost:3001/swagger-stats/ui" "Mozilla/5.0 (Windows NT 10.0; Win64; x64) AppleWebKit/537.36 (KHTML, like Gecko) Chrome/78.0.3904.97 Safari/537.36"
::1 - - [13/Nov/2019:23:06:30 +0000] "GET /swagger-stats/stats?fields%5B%5D=method HTTP/1.1" 200 - "http://localhost:3001/swagger-stats/ui" "Mozilla/5.0 (Windows NT 10.0; Win64; x64) AppleWebKit/537.36 (KHTML, like Gecko) Chrome/78.0.3904.97 Safari/537.36"
::1 - - [13/Nov/2019:23:06:33 +0000] "GET /swagger-stats/stats?fields%5B%5D=errors HTTP/1.1" 200 - "http://localhost:3001/swagger-stats/ui" "Mozilla/5.0 (Windows NT 10.0; Win64; x64) AppleWebKit/537.36 (KHTML, like Gecko) Chrome/78.0.3904.97 Safari/537.36"
::1 - - [13/Nov/2019:23:06:34 +0000] "GET /swagger-stats/stats?fields%5B%5D=lasterrors HTTP/1.1" 200 - "http://localhost:3001/swagger-stats/ui" "Mozilla/5.0 (Windows NT 10.0; Win64; x64) AppleWebKit/537.36 (KHTML, like Gecko) Chrome/78.0.3904.97 Safari/537.36"
::1 - - [13/Nov/2019:23:06:35 +0000] "GET /swagger-stats/stats?fields%5B%5D=longestreq HTTP/1.1" 200 - "http://localhost:3001/swagger-stats/ui" "Mozilla/5.0 (Windows NT 10.0; Win64; x64) AppleWebKit/537.36 (KHTML, like Gecko) Chrome/78.0.3904.97 Safari/537.36"
::1 - - [13/Nov/2019:23:06:36 +0000] "GET /swagger-stats/stats?fields%5B%5D=timeline HTTP/1.1" 200 - "http://localhost:3001/swagger-stats/ui" "Mozilla/5.0 (Windows NT 10.0; Win64; x64) AppleWebKit/537.36 (KHTML, like Gecko) Chrome/78.0.3904.97 Safari/537.36"
::1 - - [13/Nov/2019:23:06:37 +0000] "GET /swagger-stats/stats?fields%5B%5D=timeline HTTP/1.1" 200 - "http://localhost:3001/swagger-stats/ui" "Mozilla/5.0 (Windows NT 10.0; Win64; x64) AppleWebKit/537.36 (KHTML, like Gecko) Chrome/78.0.3904.97 Safari/537.36"
::1 - - [13/Nov/2019:23:06:37 +0000] "GET /swagger-stats/stats?fields%5B%5D=apistats HTTP/1.1" 200 - "http://localhost:3001/swagger-stats/ui" "Mozilla/5.0 (Windows NT 10.0; Win64; x64) AppleWebKit/537.36 (KHTML, like Gecko) Chrome/78.0.3904.97 Safari/537.36"
::1 - - [13/Nov/2019:23:06:39 +0000] "GET /swagger-stats/stats?fields%5B%5D=apiop HTTP/1.1" 200 - "http://localhost:3001/swagger-stats/ui" "Mozilla/5.0 (Windows NT 10.0; Win64; x64) AppleWebKit/537.36 (KHTML, like Gecko) Chrome/78.0.3904.97 Safari/537.36"
::1 - - [13/Nov/2019:23:06:39 +0000] "GET /swagger-stats/stats?fields%5B%5D=apiop&method=GET&path=%2Fapi%2Fusers HTTP/1.1" 200 - "http://localhost:3001/swagger-stats/ui" "Mozilla/5.0 (Windows NT 10.0; Win64; x64) AppleWebKit/537.36 (KHTML, like Gecko) Chrome/78.0.3904.97 Safari/537.36"
::1 - - [13/Nov/2019:23:07:29 +0000] "GET /swagger-stats/stats?fields%5B%5D=apiop&method=GET&path=%2Fapi%2Fusers HTTP/1.1" 200 - "http://localhost:3001/swagger-stats/ui" "Mozilla/5.0 (Windows NT 10.0; Win64; x64) AppleWebKit/537.36 (KHTML, like Gecko) Chrome/78.0.3904.97 Safari/537.36"
